1597511122038	geckodriver	INFO	Listening on 127.0.0.1:56831
1597511125164	mozrunner::runner	INFO	Running command: "C:\\Program Files (x86)\\Mozilla Firefox\\firefox.exe" "--marionette" "-foreground" "-no-remote" "-profile" "C:\\Users\\Dhivya\\AppData\\Local\\Temp\\rust_mozprofileAwjDjl"
1597511136917	geckodriver	INFO	Listening on 127.0.0.1:56845
1597511139956	mozrunner::runner	INFO	Running command: "C:\\Program Files (x86)\\Mozilla Firefox\\firefox.exe" "--marionette" "-foreground" "-no-remote" "-profile" "C:\\Users\\Dhivya\\AppData\\Local\\Temp\\rust_mozprofileUPRk0I"
JavaScript error: resource://gre/modules/XULStore.jsm, line 66: Error: Can't find profile directory.
1597511165018	Marionette	INFO	Listening on port 56853
1597511165126	Marionette	WARN	TLS certificate errors will be ignored for this session
1597511190871	Marionette	INFO	Stopped listening on port 56853

###!!! [Child][RunMessage] Error: Channel closing: too late to send/recv, messages will be lost


###!!! [Child][MessageChannel::SendAndWait] Error: Channel error: cannot send/recv

1597511226998	geckodriver	INFO	Listening on 127.0.0.1:56970
1597511230030	mozrunner::runner	INFO	Running command: "C:\\Program Files (x86)\\Mozilla Firefox\\firefox.exe" "--marionette" "-foreground" "-no-remote" "-profile" "C:\\Users\\Dhivya\\AppData\\Local\\Temp\\rust_mozprofile5hfa5H"
JavaScript error: resource://gre/modules/XULStore.jsm, line 66: Error: Can't find profile directory.
1597511234090	Marionette	INFO	Listening on port 56978
1597511234158	Marionette	WARN	TLS certificate errors will be ignored for this session
JavaScript error: https://brightspotcdn.byu.edu/resource/0000016b-03b0-db48-a7fb-2bb898240000/styleguide/All.min.c3c6c2cea2bf75c309a2366a83e19ffe.gz.js, line 105: TypeError: document.querySelector(...) is null
JavaScript warning: https://byucougars.com/assets/js/rebelFleet.v106.js, line 1532: unreachable code after return statement
JavaScript warning: https://code.jquery.com/jquery-1.10.2.min.js, line 2: Using //@ to indicate sourceMappingURL pragmas is deprecated. Use //# instead
IPDL protocol error: Handler returned error code!

###!!! [Parent][DispatchAsyncMessage] Error: PLayerTransaction::Msg_ReleaseLayer Processing error: message was deserialized, but the handler returned false (indicating failure)

JavaScript error: https://cdn.hypemarks.com/raw/popUpModalEndpoint, line 248: TypeError: ctx[name] is undefined
1597511261088	Marionette	INFO	Stopped listening on port 56978

###!!! [Child][RunMessage] Error: Channel closing: too late to send/recv, messages will be lost


###!!! [Child][MessageChannel::SendAndWait] Error: Channel error: cannot send/recv

1597511328256	geckodriver	INFO	Listening on 127.0.0.1:57115
1597511331304	mozrunner::runner	INFO	Running command: "C:\\Program Files (x86)\\Mozilla Firefox\\firefox.exe" "--marionette" "-foreground" "-no-remote" "-profile" "C:\\Users\\Dhivya\\AppData\\Local\\Temp\\rust_mozprofileFtGq7A"
JavaScript error: resource://gre/modules/XULStore.jsm, line 66: Error: Can't find profile directory.
1597511335280	Marionette	INFO	Listening on port 57123
1597511335418	Marionette	WARN	TLS certificate errors will be ignored for this session
JavaScript error: https://brightspotcdn.byu.edu/resource/0000016b-03b0-db48-a7fb-2bb898240000/styleguide/All.min.c3c6c2cea2bf75c309a2366a83e19ffe.gz.js, line 105: TypeError: document.querySelector(...) is null
JavaScript warning: https://byucougars.com/assets/js/rebelFleet.v106.js, line 1532: unreachable code after return statement
JavaScript warning: https://code.jquery.com/jquery-1.10.2.min.js, line 2: Using //@ to indicate sourceMappingURL pragmas is deprecated. Use //# instead
JavaScript warning: https://byucougars.com/assets/js/rebelFleet.v106.js, line 1532: unreachable code after return statement
JavaScript warning: https://code.jquery.com/jquery-1.10.2.min.js, line 2: Using //@ to indicate sourceMappingURL pragmas is deprecated. Use //# instead
JavaScript error: https://cdn.hypemarks.com/t/byucougars?width=268&cols=1&expand=true&paginate=true&count=8&personalization_id=862100, line 1221: TypeError: ctx[name] is undefined
JavaScript error: https://d3l7tj34e9fc43.cloudfront.net/tint-classic_v3.min.31d605397954c01c.js, line 1: NS_ERROR_NOT_INITIALIZED: 

###!!! [Child][MessageChannel] Error: (msgtype=0x6A0029,name=PNecko::Msg_RemoveRequestContext) Channel closing: too late to send/recv, messages will be lost


###!!! [Child][RunMessage] Error: Channel closing: too late to send/recv, messages will be lost

1597511411713	Marionette	INFO	Stopped listening on port 57123

###!!! [Child][RunMessage] Error: Channel closing: too late to send/recv, messages will be lost


###!!! [Child][MessageChannel::SendAndWait] Error: Channel error: cannot send/recv

1597511440745	geckodriver	INFO	Listening on 127.0.0.1:57287
1597511443792	mozrunner::runner	INFO	Running command: "C:\\Program Files (x86)\\Mozilla Firefox\\firefox.exe" "--marionette" "-foreground" "-no-remote" "-profile" "C:\\Users\\Dhivya\\AppData\\Local\\Temp\\rust_mozprofilecunH7v"
JavaScript error: resource://gre/modules/XULStore.jsm, line 66: Error: Can't find profile directory.
1597511448154	Marionette	INFO	Listening on port 57295
1597511448516	Marionette	WARN	TLS certificate errors will be ignored for this session
JavaScript error: https://brightspotcdn.byu.edu/resource/0000016b-03b0-db48-a7fb-2bb898240000/styleguide/All.min.c3c6c2cea2bf75c309a2366a83e19ffe.gz.js, line 105: TypeError: document.querySelector(...) is null
JavaScript warning: https://byucougars.com/assets/js/rebelFleet.v106.js, line 1532: unreachable code after return statement
JavaScript warning: https://code.jquery.com/jquery-1.10.2.min.js, line 2: Using //@ to indicate sourceMappingURL pragmas is deprecated. Use //# instead
1597511703607	Marionette	INFO	Stopped listening on port 57295

###!!! [Child][RunMessage] Error: Channel closing: too late to send/recv, messages will be lost


###!!! [Child][MessageChannel::SendAndWait] Error: Channel error: cannot send/recv

Local\\Temp\\rust_mozprofileauLJEV"
JavaScript error: resource://gre/modules/XULStore.jsm, line 66: Error: Can't find profile directory.
1597511607967	Marionette	INFO	Listening on port 57446
1597511608044	Marionette	WARN	TLS certificate errors will be ignored for this session
1597511613339	Marionette	INFO	Stopped listening on port 57446
JavaScript error: resource://services-settings/RemoteSettingsClient.jsm, line 115: Error: Unknown callback
console.error: services.settings: 
  main/cfr Signature failed  TypeError: NetworkError when attempting to fetch resource.
JavaScript error: resource://gre/modules/UrlClassifierListManager.jsm, line 691: TypeError: this.tablesData[table] is undefined

###!!! [Child][RunMessage] Error: Channel closing: too late to send/recv, messages will be lost


###!!! [Child][MessageChannel::SendAndWait] Error: Channel error: cannot send/recv

1597511668326	geckodriver	INFO	Listening on 127.0.0.1:57472
1597511671367	mozrunner::runner	INFO	Running command: "C:\\Program Files (x86)\\Mozilla Firefox\\firefox.exe" "--marionette" "-foreground" "-no-remote" "-profile" "C:\\Users\\Dhivya\\AppData\\Local\\Temp\\rust_mozprofile4AVoKE"
JavaScript error: resource://gre/modules/XULStore.jsm, line 66: Error: Can't find profile directory.
1597511676797	Marionette	INFO	Listening on port 57480
1597511677082	Marionette	WARN	TLS certificate errors will be ignored for this session
JavaScript error: https://brightspotcdn.byu.edu/resource/0000016b-03b0-db48-a7fb-2bb898240000/styleguide/All.min.c3c6c2cea2bf75c309a2366a83e19ffe.gz.js, line 105: TypeError: document.querySelector(...) is null
1597511684321	Marionette	INFO	Stopped listening on port 57480
JavaScript error: resource://gre/modules/UrlClassifierListManager.jsm, line 691: TypeError: this.tablesData[table] is undefined

###!!! [Child][RunMessage] Error: Channel closing: too late to send/recv, messages will be lost


###!!! [Child][RunMessage] Error: Channel closing: too late to send/recv, messages will be lost


###!!! [Child][RunMessage] Error: Channel closing: too late to send/recv, messages will be lost


###!!! [Child][MessageChannel::SendAndWait] Error: Channel error: cannot send/recv

1597511708354	geckodriver	INFO	Listening on 127.0.0.1:57548
1597511711250	mozrunner::runner	INFO	Running command: "C:\\Program Files (x86)\\Mozilla Firefox\\firefox.exe" "--marionette" "-foreground" "-no-remote" "-profile" "C:\\Users\\Dhivya\\AppData\\Local\\Temp\\rust_mozprofileLoChb0"
JavaScript error: resource://gre/modules/XULStore.jsm, line 66: Error: Can't find profile directory.
1597511716879	Marionette	INFO	Listening on port 57556
1597511717003	Marionette	WARN	TLS certificate errors will be ignored for this session
JavaScript error: https://brightspotcdn.byu.edu/resource/0000016b-03b0-db48-a7fb-2bb898240000/styleguide/All.min.c3c6c2cea2bf75c309a2366a83e19ffe.gz.js, line 105: TypeError: document.querySelector(...) is null
1597511724491	Marionette	INFO	Stopped listening on port 57556

###!!! [Child][RunMessage] Error: Channel closing: too late to send/recv, messages will be lost


###!!! [Child][MessageChannel::SendAndWait] Error: Channel error: cannot send/recv

1597511777051	geckodriver	INFO	Listening on 127.0.0.1:57634
1597511780090	mozrunner::runner	INFO	Running command: "C:\\Program Files (x86)\\Mozilla Firefox\\firefox.exe" "--marionette" "-foreground" "-no-remote" "-profile" "C:\\Users\\Dhivya\\AppData\\Local\\Temp\\rust_mozprofileRdb2rp"
JavaScript error: resource://gre/modules/XULStore.jsm, line 66: Error: Can't find profile directory.
1597511784252	Marionette	INFO	Listening on port 57642
1597511784313	Marionette	WARN	TLS certificate errors will be ignored for this session
JavaScript error: https://brightspotcdn.byu.edu/resource/0000016b-03b0-db48-a7fb-2bb898240000/styleguide/All.min.c3c6c2cea2bf75c309a2366a83e19ffe.gz.js, line 105: TypeError: document.querySelector(...) is null
JavaScript warning: https://byucougars.com/assets/js/rebelFleet.v106.js, line 1532: unreachable code after return statement
JavaScript warning: https://code.jquery.com/jquery-1.10.2.min.js, line 2: Using //@ to indicate sourceMappingURL pragmas is deprecated. Use //# instead
1597511971329	Marionette	WARN	TimedPromise timed out after 500 ms: stacktrace:
TimedPromise/<@chrome://marionette/content/sync.js:245:13
TimedPromise@chrome://marionette/content/sync.js:230:10
interaction.flushEventLoop@chrome://marionette/content/interaction.js:416:10
webdriverClickElement@chrome://marionette/content/interaction.js:182:31
JavaScript warning: https://byucougars.com/assets/js/rebelFleet.v106.js, line 1532: unreachable code after return statement
JavaScript warning: https://code.jquery.com/jquery-1.10.2.min.js, line 2: Using //@ to indicate sourceMappingURL pragmas is deprecated. Use //# instead
1597512000004	Marionette	WARN	TimedPromise timed out after 500 ms: stacktrace:
TimedPromise/<@chrome://marionette/content/sync.js:245:13
TimedPromise@chrome://marionette/content/sync.js:230:10
interaction.flushEventLoop@chrome://marionette/content/interaction.js:416:10
webdriverClickElement@chrome://marionette/content/interaction.js:182:31
JavaScript warning: https://byucougars.com/assets/js/rebelFleet.v106.js, line 1532: unreachable code after return statement
JavaScript warning: https://code.jquery.com/jquery-1.10.2.min.js, line 2: Using //@ to indicate sourceMappingURL pragmas is deprecated. Use //# instead
1597512021755	Marionette	INFO	Stopped listening on port 57642

###!!! [Child][RunMessage] Error: Channel closing: too late to send/recv, messages will be lost


###!!! [Child][MessageChannel::SendAndWait] Error: Channel error: cannot send/recv

1597512854315	geckodriver	INFO	Listening on 127.0.0.1:53433
1597512857351	mozrunner::runner	INFO	Running command: "C:\\Program Files (x86)\\Mozilla Firefox\\firefox.exe" "--marionette" "-foreground" "-no-remote" "-profile" "C:\\Users\\Dhivya\\AppData\\Local\\Temp\\rust_mozprofileejoTrO"
JavaScript error: resource://gre/modules/XULStore.jsm, line 66: Error: Can't find profile directory.
1597512861333	Marionette	INFO	Listening on port 53441
1597512861497	Marionette	WARN	TLS certificate errors will be ignored for this session

###!!! [Child][MessageChannel] Error: (msgtype=0x5A0007,name=PHttpChannel::Msg_DocumentChannelCleanup) Channel closing: too late to send/recv, messages will be lost

JavaScript error: resource://gre/modules/UrlClassifierListManager.jsm, line 691: TypeError: this.tablesData[table] is undefined
1597512870504	Marionette	INFO	Stopped listening on port 53441597512871223	mozrunner::runner	INFO	Running command: "C:\\Program Files (x86)\\Mozilla Firefox\\firefox.exe" "--marionette" "-foreground" "-no-remote" "-profile" "C:\\Users\\Dhivya\\AppData\\Local\\Temp\\rust_mozprofileV4dqsa"
JavaScript error: resource://gre/modules/XULStore.jsm, line 66: Error: Can't find profile directory.
1597512875810	Marionette	INFO	Listening on port 53479
1597512875940	Marionette	WARN	TLS certificate errors will be ignored for this session
1597512947084	Marionette	INFO	Stopped listening on port 53479

###!!! [Child][RunMessage] Error: Channel closing: too late to send/recv, messages will be lost


###!!! [Child][MessageChannel::SendAndWait] Error: Channel error: cannot send/recv

Local\\Temp\\rust_mozprofile3h7ArO"
JavaScript error: resource://gre/modules/XULStore.jsm, line 66: Error: Can't find profile directory.
1597512944798	Marionette	INFO	Listening on port 53554
1597512945199	Marionette	WARN	TLS certificate errors will be ignored for this session
JavaScript warning: https://cdnjs.cloudflare.com/ajax/libs/jquery/1.9.1/jquery.min.js, line 2: Using //@ to indicate sourceMappingURL pragmas is deprecated. Use //# instead
JavaScript warning: https://cdnjs.cloudflare.com/ajax/libs/jquery/1.9.1/jquery.min.js, line 2: Using //@ to indicate sourceMappingURL pragmas is deprecated. Use //# instead
IPDL protocol error: Handler returned error code!

###!!! [Parent][DispatchAsyncMessage] Error: PImageBridge::Msg_Update Processing error: message was deserialized, but the handler returned false (indicating failure)

IPDL protocol error: Handler returned error code!

###!!! [Parent][DispatchAsyncMessage] Error: PLayerTransaction::Msg_ReleaseLayer Processing error: message was deserialized, but the handler returned false (indicating failure)

1597513115945	Marionette	INFO	Stopped listening on port 53554

###!!! [Child][RunMessage] Error: Channel closing: too late to send/recv, messages will be lost


###!!! [Child][MessageChannel::SendAndWait] Error: Channel error: cannot send/recv

1597513116634	geckodriver	INFO	Listening on 127.0.0.1:53108
1597513119661	mozrunner::runner	INFO	Running command: "C:\\Program Files (x86)\\Mozilla Firefox\\firefox.exe" "--marionette" "-foreground" "-no-remote" "-profile" "C:\\Users\\Dhivya\\AppData\\Local\\Temp\\rust_mozprofileJKMbXb"
JavaScript error: resource://gre/modules/XULStore.jsm, line 66: Error: Can't find profile directory.
1597513124593	Marionette	INFO	Listening on port 53116
1597513124883	Marionette	WARN	TLS certificate errors will be ignored for this session
JavaScript warning: https://cdnjs.cloudflare.com/ajax/libs/jquery/1.9.1/jquery.min.js, line 2: Using //@ to indicate sourceMappingURL pragmas is deprecated. Use //# instead
JavaScript warning: https://cdnjs.cloudflare.com/ajax/libs/jquery/1.9.1/jquery.min.js, line 2: Using //@ to indicate sourceMappingURL pragmas is deprecated. Use //# instead
IPDL protocol error: Handler returned error code!

###!!! [Parent][DispatchAsyncMessage] Error: PImageBridge::Msg_Update Processing error: message was deserialized, but the handler returned false (indicating failure)

1597513370064	Marionette	INFO	Stopped listening on port 53116

###!!! [Child][RunMessage] Error: Channel closing: too late to send/recv, messages will be lost


###!!! [Child][MessageChannel::SendAndWait] Error: Channel error: cannot send/recv

	TLS certificate errors will be ignored for this session
1597513706834	Marionette	INFO	Stopped listening on port 53270

###!!! [Child][RunMessage] Error: Channel closing: too late to send/recv, messages will be lost


###!!! [Child][MessageChannel::SendAndWait] Error: Channel error: cannot send/recv

Local\\Temp\\rust_mozprofilefIqhbE"
JavaScript error: resource://gre/modules/XULStore.jsm, line 66: Error: Can't find profile directory.
1597513442852	Marionette	INFO	Listening on port 53355
1597513443172	Marionette	WARN	TLS certificate errors will be ignored for this session
1597513710373	Marionette	INFO	Stopped listening on port 53355

###!!! [Child][RunMessage] Error: Channel closing: too late to send/recv, messages will be lost


###!!! [Child][MessageChannel::SendAndWait] Error: Channel error: cannot send/recv

Local\\Temp\\rust_mozprofilel4kK7E"
JavaScript error: resource://gre/modules/XULStore.jsm, line 66: Error: Can't find profile directory.
1597513517495	Marionette	INFO	Listening on port 53453
1597513517845	Marionette	WARN	TLS certificate errors will be ignored for this session
1597513711416	Marionette	INFO	Stopped listening on port 53453

###!!! [Child][RunMessage] Error: Channel closing: too late to send/recv, messages will be lost


###!!! [Child][MessageChannel::SendAndWait] Error: Channel error: cannot send/recv

Local\\Temp\\rust_mozprofileGPEzC5"
JavaScript error: resource://gre/modules/XULStore.jsm, line 66: Error: Can't find profile directory.
1597513595375	Marionette	INFO	Listening on port 53542
1597513595406	Marionette	WARN	TLS certificate errors will be ignored for this session
JavaScript warning: https://cdnjs.cloudflare.com/ajax/libs/jquery/1.9.1/jquery.min.js, line 2: Using //@ to indicate sourceMappingURL pragmas is deprecated. Use //# instead
JavaScript warning: https://cdnjs.cloudflare.com/ajax/libs/jquery/1.9.1/jquery.min.js, line 2: Using //@ to indicate sourceMappingURL pragmas is deprecated. Use //# instead
JavaScript error: resource://gre/actors/PictureInPictureChild.jsm, line 114: InvalidStateError: An attempt was made to use an object that is not, or is no longer, usable
JavaScript warning: https://cdnjs.cloudflare.com/ajax/libs/jquery/1.9.1/jquery.min.js, line 2: Using //@ to indicate sourceMappingURL pragmas is deprecated. Use //# instead
JavaScript error: resource://gre/actors/PictureInPictureChild.jsm, line 114: InvalidStateError: An attempt was made to use an object that is not, or is no longer, usable
JavaScript warning: https://cdnjs.cloudflare.com/ajax/libs/jquery/1.9.1/jquery.min.js, line 2: Using //@ to indicate sourceMappingURL pragmas is deprecated. Use //# instead
1597513711944	Marionette	INFO	Stopped listening on port 53542

###!!! [Child][MessageChannel::SendAndWait] Error: Channel error: cannot send/recv

1597513810606	geckodriver	INFO	Listening on 127.0.0.1:53834
1597513813608	mozrunner::runner	INFO	Running command: "C:\\Program Files (x86)\\Mozilla Firefox\\firefox.exe" "--marionette" "-foreground" "-no-remote" "-profile" "C:\\Users\\Dhivya\\AppData\\Local\\Temp\\rust_mozprofilevttU8o"
JavaScript error: resource://gre/modules/XULStore.jsm, line 66: Error: Can't find profile directory.
1597513818413	Marionette	INFO	Listening on port 53842
1597513818844	Marionette	WARN	TLS certificate errors will be ignored for this session
JavaScript warning: https://cdnjs.cloudflare.com/ajax/libs/jquery/1.9.1/jquery.min.js, line 2: Using //@ to indicate sourceMappingURL pragmas is deprecated. Use //# instead
JavaScript warning: https://cdnjs.cloudflare.com/ajax/libs/jquery/1.9.1/jquery.min.js, line 2: Using //@ to indicate sourceMappingURL pragmas is deprecated. Use //# instead
1597513980718	Marionette	INFO	Stopped listening on port 53842

###!!! [Child][MessageChannel::SendAndWait] Error: Channel error: cannot send/recv

efox\\firefox.exe" "--marionette" "-foreground" "-no-remote" "-profile" "C:\\Users\\Dhivya\\AppData\\Local\\Temp\\rust_mozprofileDXlOWP"
JavaScript error: resource://gre/modules/XULStore.jsm, line 66: Error: Can't find profile directory.
1597513860032	Marionette	INFO	Listening on port 53956
1597513860182	Marionette	WARN	TLS certificate errors will be ignored for this session
JavaScript warning: https://cdnjs.cloudflare.com/ajax/libs/jquery/1.9.1/jquery.min.js, line 2: Using //@ to indicate sourceMappingURL pragmas is deprecated. Use //# instead
JavaScript warning: https://cdnjs.cloudflare.com/ajax/libs/jquery/1.9.1/jquery.min.js, line 2: Using //@ to indicate sourceMappingURL pragmas is deprecated. Use //# instead
JavaScript error: resource://gre/actors/PictureInPictureChild.jsm, line 114: InvalidStateError: An attempt was made to use an object that is not, or is no longer, usable
JavaScript warning: https://cdnjs.cloudflare.com/ajax/libs/jquery/1.9.1/jquery.min.js, line 2: Using //@ to indicate sourceMappingURL pragmas is deprecated. Use //# instead
JavaScript error: resource://gre/actors/PictureInPictureChild.jsm, line 114: InvalidStateError: An attempt was made to use an object that is not, or is no longer, usable
JavaScript warning: https://cdnjs.cloudflare.com/ajax/libs/jquery/1.9.1/jquery.min.js, line 2: Using //@ to indicate sourceMappingURL pragmas is deprecated. Use //# instead
JavaScript error: https://platform.twitter.com/widgets/widget_iframe.3c5aa8e2a38bbbee4b6d88e6846fc657.html?origin=http%3A%2F%2Fadrian.edu, line 12: Error: Network error.
JavaScript error: resource:///modules/WindowsJumpLists.jsm, line 266: TypeError: this._builder is undefined
1597513981063	Marionette	INFO	Stopped listening on port 53956

###!!! [Child][RunMessage] Error: Channel closing: too late to send/recv, messages will be lost


###!!! [Child][MessageChannel::SendAndWait] Error: Channel error: cannot send/recv

1597514243977	geckodriver	INFO	Listening on 127.0.0.1:54307
1597514247054	mozrunner::runner	INFO	Running command: "C:\\Program Files (x86)\\Mozilla Firefox\\firefox.exe" "--marionette" "-foreground" "-no-remote" "-profile" "C:\\Users\\Dhivya\\AppData\\Local\\Temp\\rust_mozprofileXn8A8J"
JavaScript error: resource://gre/modules/XULStore.jsm, line 66: Error: Can't find profile directory.
1597514251786	Marionette	INFO	Listening on port 54315
1597514252270	Marionette	WARN	TLS certificate errors will be ignored for this session
JavaScript warning: https://cdnjs.cloudflare.com/ajax/libs/jquery/1.9.1/jquery.min.js, line 2: Using //@ to indicate sourceMappingURL pragmas is deprecated. Use //# instead
JavaScript warning: https://cdnjs.cloudflare.com/ajax/libs/jquery/1.9.1/jquery.min.js, line 2: Using //@ to indicate sourceMappingURL pragmas is deprecated. Use //# instead
JavaScript warning: https://cdnjs.cloudflare.com/ajax/libs/jquery/1.9.1/jquery.min.js, line 2: Using //@ to indicate sourceMappingURL pragmas is deprecated. Use //# instead
JavaScript warning: https://cdnjs.cloudflare.com/ajax/libs/jquery/1.9.1/jquery.min.js, line 2: Using //@ to indicate sourceMappingURL pragmas is deprecated. Use //# instead
JavaScript error: resource://gre/actors/PictureInPictureChild.jsm, line 114: InvalidStateError: An attempt was made to use an object that is not, or is no longer, usable
JavaScript error: resource://gre/actors/PictureInPictureChild.jsm, line 114: InvalidStateError: An attempt was made to use an object that is not, or is no longer, usable
JavaScript error: resource://gre/actors/BrowserElementParent.jsm, line 180: Error: permitUnload is already running for this tab.
1597516020139	Marionette	INFO	Stopped listening on port 54315

###!!! [Child][RunMessage] Error: Channel closing: too late to send/recv, messages will be lost


###!!! [Child][MessageChannel::SendAndWait] Error: Channel error: cannot send/recv

ctory.
1597514930802	Marionette	INFO	Listening on port 54761
1597514931139	Marionette	WARN	TLS certificate errors will be ignored for this session
JavaScript warning: https://cdnjs.cloudflare.com/ajax/libs/jquery/1.9.1/jquery.min.js, line 2: Using //@ to indicate sourceMappingURL pragmas is deprecated. Use //# instead
JavaScript warning: https://cdnjs.cloudflare.com/ajax/libs/jquery/1.9.1/jquery.min.js, line 2: Using //@ to indicate sourceMappingURL pragmas is deprecated. Use //# instead
JavaScript warning: https://cdnjs.cloudflare.com/ajax/libs/jquery/1.9.1/jquery.min.js, line 2: Using //@ to indicate sourceMappingURL pragmas is deprecated. Use //# instead
JavaScript warning: https://cdnjs.cloudflare.com/ajax/libs/jquery/1.9.1/jquery.min.js, line 2: Using //@ to indicate sourceMappingURL pragmas is deprecated. Use //# instead
JavaScript error: resource://gre/actors/PictureInPictureChild.jsm, line 114: InvalidStateError: An attempt was made to use an object that is not, or is no longer, usable
JavaScript error: resource://gre/actors/PictureInPictureChild.jsm, line 114: InvalidStateError: An attempt was made to use an object that is not, or is no longer, usable
JavaScript error: resource://gre/actors/PictureInPictureChild.jsm, line 114: InvalidStateError: An attempt was made to use an object that is not, or is no longer, usable
JavaScript error: resource://gre/actors/PictureInPictureChild.jsm, line 114: InvalidStateError: An attempt was made to use an object that is not, or is no longer, usable
1597516020269	Marionette	INFO	Stopped listening on port 54761

###!!! [Child][RunMessage] Error: Channel closing: too late to send/recv, messages will be lost


###!!! [Child][MessageChannel::SendAndWait] Error: Channel error: cannot send/recv

Local\\Temp\\rust_mozprofilemu72YV"
JavaScript error: resource://gre/modules/XULStore.jsm, line 66: Error: Can't find profile directory.
1597515529117	Marionette	INFO	Listening on port 55350
1597515529549	Marionette	WARN	TLS certificate errors will be ignored for this session
JavaScript warning: https://cdnjs.cloudflare.com/ajax/libs/jquery/1.9.1/jquery.min.js, line 2: Using //@ to indicate sourceMappingURL pragmas is deprecated. Use //# instead
JavaScript warning: https://cdnjs.cloudflare.com/ajax/libs/jquery/1.9.1/jquery.min.js, line 2: Using //@ to indicate sourceMappingURL pragmas is deprecated. Use //# instead
JavaScript error: resource://gre/actors/PictureInPictureChild.jsm, line 114: InvalidStateError: An attempt was made to use an object that is not, or is no longer, usable
JavaScript warning: https://cdnjs.cloudflare.com/ajax/libs/jquery/1.9.1/jquery.min.js, line 2: Using //@ to indicate sourceMappingURL pragmas is deprecated. Use //# instead
JavaScript error: resource://gre/actors/PictureInPictureChild.jsm, line 114: InvalidStateError: An attempt was made to use an object that is not, or is no longer, usable
JavaScript error: resource://gre/actors/PictureInPictureChild.jsm, line 114: InvalidStateError: An attempt was made to use an object that is not, or is no longer, usable
JavaScript warning: https://cdnjs.cloudflare.com/ajax/libs/jquery/1.9.1/jquery.min.js, line 2: Using //@ to indicate sourceMappingURL pragmas is deprecated. Use //# instead
1597516018910	Marionette	INFO	Stopped listening on port 55350

###!!! [Child][RunMessage] Error: Channel closing: too late to send/recv, messages will be lost


###!!! [Child][MessageChannel::SendAndWait] Error: Channel error: cannot send/recv

Local\\Temp\\rust_mozprofilecN1bmn"
JavaScript error: resource://gre/modules/XULStore.jsm, line 66: Error: Can't find profile directory.
1597515866495	Marionette	INFO	Listening on port 55777
1597515866830	Marionette	WARN	TLS certificate errors will be ignored for this session
JavaScript warning: https://cdnjs.cloudflare.com/ajax/libs/jquery/1.9.1/jquery.min.js, line 2: Using //@ to indicate sourceMappingURL pragmas is deprecated. Use //# instead
JavaScript warning: https://cdnjs.cloudflare.com/ajax/libs/jquery/1.9.1/jquery.min.js, line 2: Using //@ to indicate sourceMappingURL pragmas is deprecated. Use //# instead
JavaScript error: resource://gre/actors/PictureInPictureChild.jsm, line 114: InvalidStateError: An attempt was made to use an object that is not, or is no longer, usable
JavaScript warning: https://cdnjs.cloudflare.com/ajax/libs/jquery/1.9.1/jquery.min.js, line 2: Using //@ to indicate sourceMappingURL pragmas is deprecated. Use //# instead
JavaScript error: resource://gre/actors/PictureInPictureChild.jsm, line 114: InvalidStateError: An attempt was made to use an object that is not, or is no longer, usable
JavaScript warning: https://cdnjs.cloudflare.com/ajax/libs/jquery/1.9.1/jquery.min.js, line 2: Using //@ to indicate sourceMappingURL pragmas is deprecated. Use //# instead
[Parent 10744, Gecko_IOThread] WARNING: file /builds/worker/checkouts/gecko/ipc/chromium/src/base/process_util_win.cc, line 166
1597516018549	Marionette	INFO	Stopped listening on port 55777

###!!! [Child][RunMessage] Error: Channel closing: too late to send/recv, messages will be lost

1597592579466	geckodriver	INFO	Listening on 127.0.0.1:51999
1597592582745	mozrunner::runner	INFO	Running command: "C:\\Program Files (x86)\\Mozilla Firefox\\firefox.exe" "--marionette" "-foreground" "-no-remote" "-profile" "C:\\Users\\Dhivya\\AppData\\Local\\Temp\\rust_mozprofileG61Qbj"
JavaScript error: resource://gre/modules/XULStore.jsm, line 66: Error: Can't find profile directory.
[Parent 4844, Gecko_IOThread] WARNING: file /builds/worker/checkouts/gecko/ipc/chromium/src/base/process_util_win.cc, line 166
1597592608240	Marionette	INFO	Listening on port 52007
1597592608617	Marionette	WARN	TLS certificate errors will be ignored for this session
1597592639031	Marionette	INFO	Stopped listening on port 52007

###!!! [Child][RunMessage] Error: Channel closing: too late to send/recv, messages will be lost


###!!! [Child][MessageChannel::SendAndWait] Error: Channel error: cannot send/recv

1597592752478	geckodriver	INFO	Listening on 127.0.0.1:52060
1597592755492	mozrunner::runner	INFO	Running command: "C:\\Program Files (x86)\\Mozilla Firefox\\firefox.exe" "--marionette" "-foreground" "-no-remote" "-profile" "C:\\Users\\Dhivya\\AppData\\Local\\Temp\\rust_mozprofileE4NtHY"
JavaScript error: resource://gre/modules/XULStore.jsm, line 66: Error: Can't find profile directory.
1597592759681	Marionette	INFO	Listening on port 52068
1597592759720	Marionette	WARN	TLS certificate errors will be ignored for this session
1597593835361	Marionette	INFO	Stopped listening on port 52068

###!!! [Child][RunMessage] Error: Channel closing: too late to send/recv, messages will be lost


###!!! [Child][MessageChannel::SendAndWait] Error: Channel error: cannot send/recv

Local\\Temp\\rust_mozprofileqqKHRa"
JavaScript error: resource://gre/modules/XULStore.jsm, line 66: Error: Can't find profile directory.
1597593249677	Marionette	INFO	Listening on port 52175
1597593250147	Marionette	WARN	TLS certificate errors will be ignored for this session

###!!! [Child][RunMessage] Error: Channel closing: too late to send/recv, messages will be lost

1597593837276	Marionette	INFO	Stopped listening on port 52175

###!!! [Child][RunMessage] Error: Channel closing: too late to send/recv, messages will be lost


###!!! [Child][MessageChannel::SendAndWait] Error: Channel error: cannot send/recv

rror: Can't find profile directory.
1597593310578	Marionette	INFO	Listening on port 52250
1597593310613	Marionette	WARN	TLS certificate errors will be ignored for this session
JavaScript error: resource://gre/actors/PictureInPictureChild.jsm, line 114: InvalidStateError: An attempt was made to use an object that is not, or is no longer, usable
JavaScript error: resource://gre/actors/PictureInPictureChild.jsm, line 114: InvalidStateError: An attempt was made to use an object that is not, or is no longer, usable
JavaScript error: resource://gre/actors/PictureInPictureChild.jsm, line 114: InvalidStateError: An attempt was made to use an object that is not, or is no longer, usable
JavaScript warning: https://cdnjs.cloudflare.com/ajax/libs/jquery/1.9.1/jquery.min.js, line 2: Using //@ to indicate sourceMappingURL pragmas is deprecated. Use //# instead
JavaScript error: resource://gre/actors/PictureInPictureChild.jsm, line 114: InvalidStateError: An attempt was made to use an object that is not, or is no longer, usable
JavaScript warning: https://cdnjs.cloudflare.com/ajax/libs/jquery/1.9.1/jquery.min.js, line 2: Using //@ to indicate sourceMappingURL pragmas is deprecated. Use //# instead
1597593838496	Marionette	INFO	Stopped listening on port 52250

###!!! [Child][RunMessage] Error: Channel closing: too late to send/recv, messages will be lost


###!!! [Child][MessageChannel::SendAndWait] Error: Channel error: cannot send/recv

Local\\Temp\\rust_mozprofilePDCPCp"
JavaScript error: resource://gre/modules/XULStore.jsm, line 66: Error: Can't find profile directory.
1597593772922	Marionette	INFO	Listening on port 52730
1597593773250	Marionette	WARN	TLS certificate errors will be ignored for this session
1597593838602	Marionette	INFO	Stopped listening on port 52730

###!!! [Child][RunMessage] Error: Channel closing: too late to send/recv, messages will be lost


###!!! [Child][MessageChannel::SendAndWait] Error: Channel error: cannot send/recv

1597593911089	geckodriver	INFO	Listening on 127.0.0.1:52845
1597593914033	mozrunner::runner	INFO	Running command: "C:\\Program Files (x86)\\Mozilla Firefox\\firefox.exe" "--marionette" "-foreground" "-no-remote" "-profile" "C:\\Users\\Dhivya\\AppData\\Local\\Temp\\rust_mozprofile9rKnxd"
JavaScript error: resource://gre/modules/XULStore.jsm, line 66: Error: Can't find profile directory.
1597593918414	Marionette	INFO	Listening on port 52853
1597593918749	Marionette	WARN	TLS certificate errors will be ignored for this session
JavaScript error: , line 0: TypeError: NetworkError when attempting to fetch resource.
1597594285438	Marionette	INFO	Stopped listening on port 52853

###!!! [Child][RunMessage] Error: Channel closing: too late to send/recv, messages will be lost


###!!! [Child][MessageChannel::SendAndWait] Error: Channel error: cannot send/recv

Local\\Temp\\rust_mozprofile8btGhp"
JavaScript error: resource://gre/modules/XULStore.jsm, line 66: Error: Can't find profile directory.
1597594046014	Marionette	INFO	Listening on port 52975
1597594046145	Marionette	WARN	TLS certificate errors will be ignored for this session
JavaScript error: resource:///modules/WindowsJumpLists.jsm, line 266: TypeError: this._builder is undefined
1597594287134	Marionette	INFO	Stopped listening on port 52975

###!!! [Child][RunMessage] Error: Channel closing: too late to send/recv, messages will be lost


###!!! [Child][MessageChannel::SendAndWait] Error: Channel error: cannot send/recv

n't find profile directory.
1597594138592	Marionette	INFO	Listening on port 53094
1597594138867	Marionette	WARN	TLS certificate errors will be ignored for this session
JavaScript error: , line 0: AbortError: A request was aborted, for example through a call to IDBTransaction.abort.
1597594288442	Marionette	INFO	Stopped listening on port 53094

###!!! [Child][RunMessage] Error: Channel closing: too late to send/recv, messages will be lost


###!!! [Child][MessageChannel::SendAndWait] Error: Channel error: cannot send/recv

d profile directory.
1597594266691	Marionette	INFO	Listening on port 53207
1597594266781	Marionette	WARN	TLS certificate errors will be ignored for this session
1597594285494	Marionette	INFO	Stopped listening on port 53207

###!!! [Child][RunMessage] Error: Channel closing: too late to send/recv, messages will be lost


###!!! [Child][MessageChannel::SendAndWait] Error: Channel error: cannot send/recv

1597594316322	geckodriver	INFO	Listening on 127.0.0.1:53233
1597594319344	mozrunner::runner	INFO	Running command: "C:\\Program Files (x86)\\Mozilla Firefox\\firefox.exe" "--marionette" "-foreground" "-no-remote" "-profile" "C:\\Users\\Dhivya\\AppData\\Local\\Temp\\rust_mozprofileiAkiQ1"
JavaScript error: resource://gre/modules/XULStore.jsm, line 66: Error: Can't find profile directory.
1597594323367	Marionette	INFO	Listening on port 53241
1597594323460	Marionette	WARN	TLS certificate errors will be ignored for this session
1597596226710	Marionette	INFO	Stopped listening on port 53241

###!!! [Child][RunMessage] Error: Channel closing: too late to send/recv, messages will be lost


###!!! [Child][MessageChannel::SendAndWait] Error: Channel error: cannot send/recv

Local\\Temp\\rust_mozprofileNCzjIb"
JavaScript error: resource://gre/modules/XULStore.jsm, line 66: Error: Can't find profile directory.
1597594449827	Marionette	INFO	Listening on port 53280
1597594450226	Marionette	WARN	TLS certificate errors will be ignored for this session
JavaScript error: resource://gre/actors/PictureInPictureChild.jsm, line 114: InvalidStateError: An attempt was made to use an object that is not, or is no longer, usable
JavaScript warning: https://cdnjs.cloudflare.com/ajax/libs/jquery/1.9.1/jquery.min.js, line 2: Using //@ to indicate sourceMappingURL pragmas is deprecated. Use //# instead
JavaScript error: resource://gre/actors/PictureInPictureChild.jsm, line 114: InvalidStateError: An attempt was made to use an object that is not, or is no longer, usable
JavaScript warning: https://cdnjs.cloudflare.com/ajax/libs/jquery/1.9.1/jquery.min.js, line 2: Using //@ to indicate sourceMappingURL pragmas is deprecated. Use //# instead
JavaScript error: https://platform.twitter.com/widgets/widget_iframe.3c5aa8e2a38bbbee4b6d88e6846fc657.html?origin=http%3A%2F%2Fadrian.edu, line 12: Error: Network error.
JavaScript error: resource://gre/actors/PictureInPictureChild.jsm, line 114: InvalidStateError: An attempt was made to use an object that is not, or is no longer, usable
JavaScript warning: https://cdnjs.cloudflare.com/ajax/libs/jquery/1.9.1/jquery.min.js, line 2: Using //@ to indicate sourceMappingURL pragmas is deprecated. Use //# instead
JavaScript error: resource://gre/actors/PictureInPictureChild.jsm, line 114: InvalidStateError: An attempt was made to use an object that is not, or is no longer, usable
JavaScript warning: https://cdnjs.cloudflare.com/ajax/libs/jquery/1.9.1/jquery.min.js, line 2: Using //@ to indicate sourceMappingURL pragmas is deprecated. Use //# instead
JavaScript error: , line 0: TypeError: NetworkError when attempting to fetch resource.
JavaScript error: resource://gre/actors/PictureInPictureChild.jsm, line 114: InvalidStateError: An attempt was made to use an object that is not, or is no longer, usable
JavaScript error: resource://gre/actors/PictureInPictureChild.jsm, line 114: InvalidStateError: An attempt was made to use an object that is not, or is no longer, usable
JavaScript error: resource://gre/actors/PictureInPictureChild.jsm, line 114: InvalidStateError: An attempt was made to use an object that is not, or is no longer, usable
JavaScript error: resource://gre/actors/PictureInPictureChild.jsm, line 114: InvalidStateError: An attempt was made to use an object that is not, or is no longer, usable
JavaScript error: , line 0: TypeError: NetworkError when attempting to fetch resource.
JavaScript error: resource://gre/actors/PictureInPictureChild.jsm, line 114: InvalidStateError: An attempt was made to use an object that is not, or is no longer, usable
JavaScript error: resource://gre/actors/PictureInPictureChild.jsm, line 114: InvalidStateError: An attempt was made to use an object that is not, or is no longer, usable
JavaScript error: resource:///modules/UrlbarInput.jsm, line 2140: TypeError: event.target.closest is not a function
1597596159693	Marionette	INFO	Stopped listening on port 53280

###!!! [Child][RunMessage] Error: Channel closing: too late to send/recv, messages will be lost


###!!! [Child][MessageChannel::SendAndWait] Error: Channel error: cannot send/recv

1597596228036	geckodriver	INFO	Listening on 127.0.0.1:54361
1597596231095	mozrunner::runner	INFO	Running command: "C:\\Program Files (x86)\\Mozilla Firefox\\firefox.exe" "--marionette" "-foreground" "-no-remote" "-profile" "C:\\Users\\Dhivya\\AppData\\Local\\Temp\\rust_mozprofilefafILs"
JavaScript error: resource://gre/modules/XULStore.jsm, line 66: Error: Can't find profile directory.
1597596236127	Marionette	INFO	Listening on port 54369
1597596236310	Marionette	WARN	TLS certificate errors will be ignored for this session
JavaScript warning: https://cdnjs.cloudflare.com/ajax/libs/jquery/1.9.1/jquery.min.js, line 2: Using //@ to indicate sourceMappingURL pragmas is deprecated. Use //# instead
JavaScript warning: https://cdnjs.cloudflare.com/ajax/libs/jquery/1.9.1/jquery.min.js, line 2: Using //@ to indicate sourceMappingURL pragmas is deprecated. Use //# instead
JavaScript error: resource://gre/actors/PictureInPictureChild.jsm, line 114: InvalidStateError: An attempt was made to use an object that is not, or is no longer, usable
JavaScript warning: https://cdnjs.cloudflare.com/ajax/libs/jquery/1.9.1/jquery.min.js, line 2: Using //@ to indicate sourceMappingURL pragmas is deprecated. Use //# instead
JavaScript error: resource://gre/actors/PictureInPictureChild.jsm, line 114: InvalidStateError: An attempt was made to use an object that is not, or is no longer, usable
JavaScript warning: https://cdnjs.cloudflare.com/ajax/libs/jquery/1.9.1/jquery.min.js, line 2: Using //@ to indicate sourceMappingURL pragmas is deprecated. Use //# instead
JavaScript error: https://platform.twitter.com/widgets/widget_iframe.3c5aa8e2a38bbbee4b6d88e6846fc657.html?origin=http%3A%2F%2Fadrian.edu, line 12: Error: Network error.
1597598416003	Marionette	INFO	Stopped listening on port 54369

###!!! [Child][RunMessage] Error: Channel closing: too late to send/recv, messages will be lost


###!!! [Child][MessageChannel::SendAndWait] Error: Channel error: cannot send/recv

Local\\Temp\\rust_mozprofile9zHQ8c"
JavaScript error: resource://gre/modules/XULStore.jsm, line 66: Error: Can't find profile directory.
1597596475063	Marionette	INFO	Listening on port 54655
1597596475497	Marionette	WARN	TLS certificate errors will be ignored for this session
JavaScript warning: https://cdnjs.cloudflare.com/ajax/libs/jquery/1.9.1/jquery.min.js, line 2: Using //@ to indicate sourceMappingURL pragmas is deprecated. Use //# instead
JavaScript warning: https://cdnjs.cloudflare.com/ajax/libs/jquery/1.9.1/jquery.min.js, line 2: Using //@ to indicate sourceMappingURL pragmas is deprecated. Use //# instead
JavaScript warning: https://cdnjs.cloudflare.com/ajax/libs/jquery/1.9.1/jquery.min.js, line 2: Using //@ to indicate sourceMappingURL pragmas is deprecated. Use //# instead
JavaScript warning: https://cdnjs.cloudflare.com/ajax/libs/jquery/1.9.1/jquery.min.js, line 2: Using //@ to indicate sourceMappingURL pragmas is deprecated. Use //# instead
IPDL protocol error: Handler returned error code!

###!!! [Parent][DispatchAsyncMessage] Error: PLayerTransaction::Msg_ReleaseLayer Processing error: message was deserialized, but the handler returned false (indicating failure)

[Child 5032, Chrome_ChildThread] WARNING: pipe error: 232: file /builds/worker/checkouts/gecko/ipc/chromium/src/chrome/common/ipc_channel_win.cc, line 522
1597598410635	Marionette	INFO	Stopped listening on port 54655

###!!! [Child][RunMessage] Error: Channel closing: too late to send/recv, messages will be lost


###!!! [Child][MessageChannel::SendAndWait] Error: Channel error: cannot send/recv

ndicate sourceMappingURL pragmas is deprecated. Use //# instead
JavaScript warning: https://cdnjs.cloudflare.com/ajax/libs/jquery/1.9.1/jquery.min.js, line 2: Using //@ to indicate sourceMappingURL pragmas is deprecated. Use //# instead
JavaScript error: resource://gre/actors/PictureInPictureChild.jsm, line 114: InvalidStateError: An attempt was made to use an object that is not, or is no longer, usable
JavaScript warning: https://cdnjs.cloudflare.com/ajax/libs/jquery/1.9.1/jquery.min.js, line 2: Using //@ to indicate sourceMappingURL pragmas is deprecated. Use //# instead
JavaScript error: resource://gre/actors/PictureInPictureChild.jsm, line 114: InvalidStateError: An attempt was made to use an object that is not, or is no longer, usable
JavaScript error: resource://gre/actors/PictureInPictureChild.jsm, line 114: InvalidStateError: An attempt was made to use an object that is not, or is no longer, usable
JavaScript warning: https://cdnjs.cloudflare.com/ajax/libs/jquery/1.9.1/jquery.min.js, line 2: Using //@ to indicate sourceMappingURL pragmas is deprecated. Use //# instead
JavaScript error: https://platform.twitter.com/widgets/widget_iframe.3c5aa8e2a38bbbee4b6d88e6846fc657.html?origin=http%3A%2F%2Fadrian.edu, line 12: Error: Network error.
JavaScript error: , line 0: AbortError: A request was aborted, for example through a call to IDBTransaction.abort.
1597598414697	Marionette	INFO	Stopped listening on port 54804

###!!! [Child][RunMessage] Error: Channel closing: too late to send/recv, messages will be lost


###!!! [Child][MessageChannel::SendAndWait] Error: Channel error: cannot send/recv

d profile directory.
1597598165851	Marionette	INFO	Listening on port 55260
1597598166076	Marionette	WARN	TLS certificate errors will be ignored for this session
JavaScript warning: https://cdnjs.cloudflare.com/ajax/libs/jquery/1.9.1/jquery.min.js, line 2: Using //@ to indicate sourceMappingURL pragmas is deprecated. Use //# instead
JavaScript warning: https://cdnjs.cloudflare.com/ajax/libs/jquery/1.9.1/jquery.min.js, line 2: Using //@ to indicate sourceMappingURL pragmas is deprecated. Use //# instead
JavaScript error: resource://gre/actors/PictureInPictureChild.jsm, line 114: InvalidStateError: An attempt was made to use an object that is not, or is no longer, usable
JavaScript warning: https://cdnjs.cloudflare.com/ajax/libs/jquery/1.9.1/jquery.min.js, line 2: Using //@ to indicate sourceMappingURL pragmas is deprecated. Use //# instead
JavaScript error: resource://gre/actors/PictureInPictureChild.jsm, line 114: InvalidStateError: An attempt was made to use an object that is not, or is no longer, usable
JavaScript warning: https://cdnjs.cloudflare.com/ajax/libs/jquery/1.9.1/jquery.min.js, line 2: Using //@ to indicate sourceMappingURL pragmas is deprecated. Use //# instead
JavaScript error: https://platform.twitter.com/widgets/widget_iframe.3c5aa8e2a38bbbee4b6d88e6846fc657.html?origin=http%3A%2F%2Fadrian.edu, line 12: Error: Network error.
1597598417975	Marionette	INFO	Stopped listening on port 55261597598420194	mozrunner::runner	INFO	Running command: "C:\\Program Files (x86)\\Mozilla Firefox\\firefox.exe" "--marionette" "-foreground" "-no-remote" "-profile" "C:\\Users\\Dhivya\\AppData\\Local\\Temp\\rust_mozprofilebxCTvr"
JavaScript error: resource://gre/modules/XULStore.jsm, line 66: Error: Can't find profile directory.
1597598426743	Marionette	INFO	Listening on port 55570
1597598427024	Marionette	WARN	TLS certificate errors will be ignored for this session
JavaScript warning: https://cdnjs.cloudflare.com/ajax/libs/jquery/1.9.1/jquery.min.js, line 2: Using //@ to indicate sourceMappingURL pragmas is deprecated. Use //# instead
JavaScript warning: https://cdnjs.cloudflare.com/ajax/libs/jquery/1.9.1/jquery.min.js, line 2: Using //@ to indicate sourceMappingURL pragmas is deprecated. Use //# instead
JavaScript error: resource://gre/actors/PictureInPictureChild.jsm, line 114: InvalidStateError: An attempt was made to use an object that is not, or is no longer, usable
JavaScript warning: https://cdnjs.cloudflare.com/ajax/libs/jquery/1.9.1/jquery.min.js, line 2: Using //@ to indicate sourceMappingURL pragmas is deprecated. Use //# instead
JavaScript error: resource://gre/actors/PictureInPictureChild.jsm, line 114: InvalidStateError: An attempt was made to use an object that is not, or is no longer, usable
JavaScript warning: https://cdnjs.cloudflare.com/ajax/libs/jquery/1.9.1/jquery.min.js, line 2: Using //@ to indicate sourceMappingURL pragmas is deprecated. Use //# instead
1597599870015	geckodriver	INFO	Listening on 127.0.0.1:56126
1597599873060	mozrunner::runner	INFO	Running command: "C:\\Program Files (x86)\\Mozilla Firefox\\firefox.exe" "--marionette" "-foreground" "-no-remote" "-profile" "C:\\Users\\Dhivya\\AppData\\Local\\Temp\\rust_mozprofile93Jbqw"
JavaScript error: resource://gre/modules/XULStore.jsm, line 66: Error: Can't find profile directory.
1597599876946	Marionette	INFO	Listening on port 56134
1597599877178	Marionette	WARN	TLS certificate errors will be ignored for this session
1597599973074	geckodriver	INFO	Listening on 127.0.0.1:56162
1597599976110	mozrunner::runner	INFO	Running command: "C:\\Program Files (x86)\\Mozilla Firefox\\firefox.exe" "--marionette" "-foreground" "-no-remote" "-profile" "C:\\Users\\Dhivya\\AppData\\Local\\Temp\\rust_mozprofiletiUXgC"
JavaScript error: resource://gre/modules/XULStore.jsm, line 66: Error: Can't find profile directory.
1597599979867	Marionette	INFO	Listening on port 56170
1597599980236	Marionette	WARN	TLS certificate errors will be ignored for this session
JavaScript warning: https://cdnjs.cloudflare.com/ajax/libs/jquery/1.9.1/jquery.min.js, line 2: Using //@ to indicate sourceMappingURL pragmas is deprecated. Use //# instead
JavaScript warning: https://cdnjs.cloudflare.com/ajax/libs/jquery/1.9.1/jquery.min.js, line 2: Using //@ to indicate sourceMappingURL pragmas is deprecated. Use //# instead
JavaScript error: resource://gre/actors/PictureInPictureChild.jsm, line 114: InvalidStateError: An attempt was made to use an object that is not, or is no longer, usable
JavaScript warning: https://cdnjs.cloudflare.com/ajax/libs/jquery/1.9.1/jquery.min.js, line 2: Using //@ to indicate sourceMappingURL pragmas is deprecated. Use //# instead
JavaScript error: resource://gre/actors/PictureInPictureChild.jsm, line 114: InvalidStateError: An attempt was made to use an object that is not, or is no longer, usable
JavaScript warning: https://cdnjs.cloudflare.com/ajax/libs/jquery/1.9.1/jquery.min.js, line 2: Using //@ to indicate sourceMappingURL pragmas is deprecated. Use //# instead
